  main.cpp
C:\Users\John Divinagracia\source\repos\Final Game\Final Game\main.cpp(29,81): warning C4244: 'argument': conversion from 'double' to 'T', possible loss of data
          with
          [
              T=float
          ]
C:\Users\John Divinagracia\source\repos\Final Game\Final Game\main.cpp(29,55): warning C4244: 'argument': conversion from 'double' to 'T', possible loss of data
          with
          [
              T=float
          ]
C:\Users\John Divinagracia\source\repos\Final Game\Final Game\main.cpp(31,59): warning C4244: 'argument': conversion from 'T' to 'T', possible loss of data
          with
          [
              T=unsigned int
          ]
          and
          [
              T=float
          ]
C:\Users\John Divinagracia\source\repos\Final Game\Final Game\main.cpp(51,70): warning C4244: 'argument': conversion from 'T' to 'float', possible loss of data
          with
          [
              T=unsigned int
          ]
C:\Users\John Divinagracia\source\repos\Final Game\Final Game\main.cpp(51,46): warning C4244: 'argument': conversion from 'T' to 'float', possible loss of data
          with
          [
              T=unsigned int
          ]
C:\Users\John Divinagracia\source\repos\Final Game\Final Game\main.cpp(66,69): warning C4244: 'argument': conversion from 'T' to 'float', possible loss of data
          with
          [
              T=unsigned int
          ]
C:\Users\John Divinagracia\source\repos\Final Game\Final Game\main.cpp(66,45): warning C4244: 'argument': conversion from 'T' to 'float', possible loss of data
          with
          [
              T=unsigned int
          ]
C:\Users\John Divinagracia\source\repos\Final Game\Final Game\main.cpp(67,88): warning C4244: 'argument': conversion from 'double' to 'float', possible loss of data
C:\Users\John Divinagracia\source\repos\Final Game\Final Game\main.cpp(82,79): warning C4244: 'argument': conversion from 'T' to 'float', possible loss of data
          with
          [
              T=unsigned int
          ]
C:\Users\John Divinagracia\source\repos\Final Game\Final Game\main.cpp(82,48): warning C4244: 'argument': conversion from 'T' to 'float', possible loss of data
          with
          [
              T=unsigned int
          ]
C:\Users\John Divinagracia\source\repos\Final Game\Final Game\main.cpp(87,15): warning C4244: 'argument': conversion from 'time_t' to 'unsigned int', possible loss of data
C:\Users\John Divinagracia\source\repos\Final Game\Final Game\main.cpp(97,23): warning C4244: 'argument': conversion from 'time_t' to 'unsigned int', possible loss of data
C:\Users\John Divinagracia\source\repos\Final Game\Final Game\main.cpp(111,23): warning C4244: 'argument': conversion from 'time_t' to 'unsigned int', possible loss of data
C:\Users\John Divinagracia\source\repos\Final Game\Final Game\main.cpp(113,22): warning C4244: 'initializing': conversion from 'double' to 'int', possible loss of data
C:\Users\John Divinagracia\source\repos\Final Game\Final Game\main.cpp(113,66): warning C4244: 'initializing': conversion from 'double' to 'int', possible loss of data
C:\Users\John Divinagracia\source\repos\Final Game\Final Game\main.cpp(116,25): warning C4018: '<=': signed/unsigned mismatch
C:\Users\John Divinagracia\source\repos\Final Game\Final Game\main.cpp(120,54): warning C4244: '=': conversion from 'double' to 'int', possible loss of data
C:\Users\John Divinagracia\source\repos\Final Game\Final Game\main.cpp(121,54): warning C4244: '=': conversion from 'double' to 'int', possible loss of data
C:\Users\John Divinagracia\source\repos\Final Game\Final Game\main.cpp(144,96): warning C4305: '+=': truncation from 'double' to 'float'
C:\Users\John Divinagracia\source\repos\Final Game\Final Game\main.cpp(145,98): warning C4305: '-=': truncation from 'double' to 'float'
C:\Users\John Divinagracia\source\repos\Final Game\Final Game\main.cpp(217,27): warning C4018: '<': signed/unsigned mismatch
C:\Users\John Divinagracia\source\repos\Final Game\Final Game\main.cpp(221,31): warning C4018: '<': signed/unsigned mismatch
C:\Users\John Divinagracia\source\repos\Final Game\Final Game\main.cpp(249,27): warning C4018: '<': signed/unsigned mismatch
C:\Users\John Divinagracia\source\repos\Final Game\Final Game\main.cpp(261,23): warning C4018: '<': signed/unsigned mismatch
C:\Program Files\Microsoft Visual Studio\2022\Community\VC\Tools\MSVC\14.32.31326\include\xutility(149,77): warning C4244: 'argument': conversion from '_Ty' to 'float', possible loss of data
          with
          [
              _Ty=double
          ]
C:\Program Files\Microsoft Visual Studio\2022\Community\VC\Tools\MSVC\14.32.31326\include\memory(2010): message : see reference to function template instantiation 'void std::_Construct_in_place<_Ty,sf::RenderWindow*,std::shared_ptr<Player>&,int&,double,int&,int&>(_Ty &,sf::RenderWindow *&&,std::shared_ptr<Player> &,int &,double &&,int &,int &) noexcept(false)' being compiled
          with
          [
              _Ty=Enemy
          ]
C:\Program Files\Microsoft Visual Studio\2022\Community\VC\Tools\MSVC\14.32.31326\include\memory(2729): message : see reference to function template instantiation 'std::_Ref_count_obj2<Enemy>::_Ref_count_obj2<_Ty,std::shared_ptr<Player>&,int&,double,int&,int&>(_Ty &&,std::shared_ptr<Player> &,int &,double &&,int &,int &)' being compiled
          with
          [
              _Ty=sf::RenderWindow *
          ]
C:\Program Files\Microsoft Visual Studio\2022\Community\VC\Tools\MSVC\14.32.31326\include\memory(2730): message : see reference to function template instantiation 'std::_Ref_count_obj2<Enemy>::_Ref_count_obj2<_Ty,std::shared_ptr<Player>&,int&,double,int&,int&>(_Ty &&,std::shared_ptr<Player> &,int &,double &&,int &,int &)' being compiled
          with
          [
              _Ty=sf::RenderWindow *
          ]
C:\Users\John Divinagracia\source\repos\Final Game\Final Game\main.cpp(134): message : see reference to function template instantiation 'std::shared_ptr<Enemy> std::make_shared<Enemy,sf::RenderWindow*,std::shared_ptr<Player>&,int&,double,int&,int&>(sf::RenderWindow *&&,std::shared_ptr<Player> &,int &,double &&,int &,int &)' being compiled
  Generating code
  0 of 509 functions ( 0.0%) were compiled, the rest were copied from previous compilation.
    0 functions were new in current compilation
    0 functions had inline decision re-evaluated but remain unchanged
  Finished generating code
  Final Game.vcxproj -> C:\Users\John Divinagracia\source\repos\Final Game\Release\Final Game.exe
