  Bullet.cpp
C:\Users\John Divinagracia\source\repos\Final Game\Final Game\Bullet.cpp(15,33): warning C4244: 'argument': conversion from 'double' to 'float', possible loss of data
C:\Users\John Divinagracia\source\repos\Final Game\Final Game\Bullet.cpp(19,20): warning C4244: '=': conversion from 'double' to 'T', possible loss of data
          with
          [
              T=float
          ]
C:\Users\John Divinagracia\source\repos\Final Game\Final Game\Bullet.cpp(20,20): warning C4244: '=': conversion from 'double' to 'T', possible loss of data
          with
          [
              T=float
          ]
C:\Users\John Divinagracia\source\repos\Final Game\Final Game\Bullet.cpp(34,94): warning C4244: 'argument': conversion from 'double' to 'float', possible loss of data
C:\Users\John Divinagracia\source\repos\Final Game\Final Game\Bullet.cpp(34,39): warning C4244: 'argument': conversion from 'double' to 'float', possible loss of data
C:\Users\John Divinagracia\source\repos\Final Game\Final Game\Bullet.cpp(43,117): warning C4244: 'argument': conversion from 'double' to 'float', possible loss of data
C:\Users\John Divinagracia\source\repos\Final Game\Final Game\Bullet.cpp(43,62): warning C4244: 'argument': conversion from 'double' to 'float', possible loss of data
C:\Users\John Divinagracia\source\repos\Final Game\Final Game\Bullet.cpp(50,20): warning C4244: '=': conversion from 'double' to 'T', possible loss of data
          with
          [
              T=float
          ]
C:\Users\John Divinagracia\source\repos\Final Game\Final Game\Bullet.cpp(51,20): warning C4244: '=': conversion from 'double' to 'T', possible loss of data
          with
          [
              T=float
          ]
  Enemy.cpp
C:\Users\John Divinagracia\source\repos\Final Game\Final Game\Enemy.cpp(24,30): warning C4244: 'argument': conversion from 'int' to 'float', possible loss of data
C:\Users\John Divinagracia\source\repos\Final Game\Final Game\Enemy.cpp(24,24): warning C4244: 'argument': conversion from 'int' to 'float', possible loss of data
C:\Users\John Divinagracia\source\repos\Final Game\Final Game\Enemy.cpp(54,132): warning C4244: '=': conversion from 'double' to 'float', possible loss of data
C:\Users\John Divinagracia\source\repos\Final Game\Final Game\Enemy.cpp(76,15): warning C4244: 'initializing': conversion from 'double' to 'float', possible loss of data
C:\Users\John Divinagracia\source\repos\Final Game\Final Game\Enemy.cpp(81,43): warning C4244: 'argument': conversion from 'float' to 'sf::Uint8', possible loss of data
C:\Users\John Divinagracia\source\repos\Final Game\Final Game\Enemy.cpp(81,38): warning C4244: 'argument': conversion from 'float' to 'sf::Uint8', possible loss of data
C:\Users\John Divinagracia\source\repos\Final Game\Final Game\Enemy.cpp(85,15): warning C4244: 'initializing': conversion from 'double' to 'float', possible loss of data
C:\Users\John Divinagracia\source\repos\Final Game\Final Game\Enemy.cpp(89,45): warning C4244: 'argument': conversion from 'T' to 'float', possible loss of data
          with
          [
              T=unsigned int
          ]
C:\Users\John Divinagracia\source\repos\Final Game\Final Game\Enemy.cpp(90,43): warning C4244: 'argument': conversion from 'float' to 'sf::Uint8', possible loss of data
C:\Users\John Divinagracia\source\repos\Final Game\Final Game\Enemy.cpp(90,38): warning C4244: 'argument': conversion from 'float' to 'sf::Uint8', possible loss of data
C:\Users\John Divinagracia\source\repos\Final Game\Final Game\Enemy.cpp(93,15): warning C4244: 'initializing': conversion from 'double' to 'float', possible loss of data
C:\Users\John Divinagracia\source\repos\Final Game\Final Game\Enemy.cpp(98,43): warning C4244: 'argument': conversion from 'float' to 'sf::Uint8', possible loss of data
C:\Users\John Divinagracia\source\repos\Final Game\Final Game\Enemy.cpp(98,38): warning C4244: 'argument': conversion from 'float' to 'sf::Uint8', possible loss of data
C:\Users\John Divinagracia\source\repos\Final Game\Final Game\Enemy.cpp(103,15): warning C4244: 'initializing': conversion from 'double' to 'float', possible loss of data
C:\Users\John Divinagracia\source\repos\Final Game\Final Game\Enemy.cpp(108,43): warning C4244: 'argument': conversion from 'float' to 'sf::Uint8', possible loss of data
C:\Users\John Divinagracia\source\repos\Final Game\Final Game\Enemy.cpp(108,38): warning C4244: 'argument': conversion from 'float' to 'sf::Uint8', possible loss of data
  main.cpp
C:\Users\John Divinagracia\source\repos\Final Game\Final Game\main.cpp(29,81): warning C4244: 'argument': conversion from 'double' to 'T', possible loss of data
          with
          [
              T=float
          ]
C:\Users\John Divinagracia\source\repos\Final Game\Final Game\main.cpp(29,55): warning C4244: 'argument': conversion from 'double' to 'T', possible loss of data
          with
          [
              T=float
          ]
C:\Users\John Divinagracia\source\repos\Final Game\Final Game\main.cpp(31,59): warning C4244: 'argument': conversion from 'T' to 'T', possible loss of data
          with
          [
              T=unsigned int
          ]
          and
          [
              T=float
          ]
C:\Users\John Divinagracia\source\repos\Final Game\Final Game\main.cpp(51,70): warning C4244: 'argument': conversion from 'T' to 'float', possible loss of data
          with
          [
              T=unsigned int
          ]
C:\Users\John Divinagracia\source\repos\Final Game\Final Game\main.cpp(51,46): warning C4244: 'argument': conversion from 'T' to 'float', possible loss of data
          with
          [
              T=unsigned int
          ]
C:\Users\John Divinagracia\source\repos\Final Game\Final Game\main.cpp(66,69): warning C4244: 'argument': conversion from 'T' to 'float', possible loss of data
          with
          [
              T=unsigned int
          ]
C:\Users\John Divinagracia\source\repos\Final Game\Final Game\main.cpp(66,45): warning C4244: 'argument': conversion from 'T' to 'float', possible loss of data
          with
          [
              T=unsigned int
          ]
C:\Users\John Divinagracia\source\repos\Final Game\Final Game\main.cpp(67,88): warning C4244: 'argument': conversion from 'double' to 'float', possible loss of data
C:\Users\John Divinagracia\source\repos\Final Game\Final Game\main.cpp(82,79): warning C4244: 'argument': conversion from 'T' to 'float', possible loss of data
          with
          [
              T=unsigned int
          ]
C:\Users\John Divinagracia\source\repos\Final Game\Final Game\main.cpp(82,48): warning C4244: 'argument': conversion from 'T' to 'float', possible loss of data
          with
          [
              T=unsigned int
          ]
C:\Users\John Divinagracia\source\repos\Final Game\Final Game\main.cpp(87,15): warning C4244: 'argument': conversion from 'time_t' to 'unsigned int', possible loss of data
C:\Users\John Divinagracia\source\repos\Final Game\Final Game\main.cpp(97,23): warning C4244: 'argument': conversion from 'time_t' to 'unsigned int', possible loss of data
C:\Users\John Divinagracia\source\repos\Final Game\Final Game\main.cpp(111,23): warning C4244: 'argument': conversion from 'time_t' to 'unsigned int', possible loss of data
C:\Users\John Divinagracia\source\repos\Final Game\Final Game\main.cpp(113,22): warning C4244: 'initializing': conversion from 'double' to 'int', possible loss of data
C:\Users\John Divinagracia\source\repos\Final Game\Final Game\main.cpp(113,66): warning C4244: 'initializing': conversion from 'double' to 'int', possible loss of data
C:\Users\John Divinagracia\source\repos\Final Game\Final Game\main.cpp(116,25): warning C4018: '<=': signed/unsigned mismatch
C:\Users\John Divinagracia\source\repos\Final Game\Final Game\main.cpp(120,54): warning C4244: '=': conversion from 'double' to 'int', possible loss of data
C:\Users\John Divinagracia\source\repos\Final Game\Final Game\main.cpp(121,54): warning C4244: '=': conversion from 'double' to 'int', possible loss of data
C:\Users\John Divinagracia\source\repos\Final Game\Final Game\main.cpp(144,96): warning C4305: '+=': truncation from 'double' to 'float'
C:\Users\John Divinagracia\source\repos\Final Game\Final Game\main.cpp(145,98): warning C4305: '-=': truncation from 'double' to 'float'
C:\Program Files\Microsoft Visual Studio\2022\Community\VC\Tools\MSVC\14.32.31326\include\xutility(149,77): warning C4244: 'argument': conversion from '_Ty' to 'float', possible loss of data
          with
          [
              _Ty=double
          ]
C:\Program Files\Microsoft Visual Studio\2022\Community\VC\Tools\MSVC\14.32.31326\include\memory(2010): message : see reference to function template instantiation 'void std::_Construct_in_place<_Ty,sf::RenderWindow*,std::shared_ptr<Player>&,int&,double,int&,int&>(_Ty &,sf::RenderWindow *&&,std::shared_ptr<Player> &,int &,double &&,int &,int &) noexcept(false)' being compiled
          with
          [
              _Ty=Enemy
          ]
C:\Program Files\Microsoft Visual Studio\2022\Community\VC\Tools\MSVC\14.32.31326\include\memory(2729): message : see reference to function template instantiation 'std::_Ref_count_obj2<Enemy>::_Ref_count_obj2<_Ty,std::shared_ptr<Player>&,int&,double,int&,int&>(_Ty &&,std::shared_ptr<Player> &,int &,double &&,int &,int &)' being compiled
          with
          [
              _Ty=sf::RenderWindow *
          ]
C:\Program Files\Microsoft Visual Studio\2022\Community\VC\Tools\MSVC\14.32.31326\include\memory(2730): message : see reference to function template instantiation 'std::_Ref_count_obj2<Enemy>::_Ref_count_obj2<_Ty,std::shared_ptr<Player>&,int&,double,int&,int&>(_Ty &&,std::shared_ptr<Player> &,int &,double &&,int &,int &)' being compiled
          with
          [
              _Ty=sf::RenderWindow *
          ]
C:\Users\John Divinagracia\source\repos\Final Game\Final Game\main.cpp(134): message : see reference to function template instantiation 'std::shared_ptr<Enemy> std::make_shared<Enemy,sf::RenderWindow*,std::shared_ptr<Player>&,int&,double,int&,int&>(sf::RenderWindow *&&,std::shared_ptr<Player> &,int &,double &&,int &,int &)' being compiled
  Player.cpp
C:\Users\John Divinagracia\source\repos\Final Game\Final Game\Player.cpp(15,76): warning C4244: 'argument': conversion from 'T' to 'float', possible loss of data
          with
          [
              T=unsigned int
          ]
C:\Users\John Divinagracia\source\repos\Final Game\Final Game\Player.cpp(15,50): warning C4244: 'argument': conversion from 'T' to 'float', possible loss of data
          with
          [
              T=unsigned int
          ]
C:\Users\John Divinagracia\source\repos\Final Game\Final Game\Player.cpp(21,75): warning C4244: 'argument': conversion from 'T' to 'T', possible loss of data
          with
          [
              T=unsigned int
          ]
          and
          [
              T=float
          ]
C:\Users\John Divinagracia\source\repos\Final Game\Final Game\Player.cpp(21,50): warning C4244: 'argument': conversion from 'T' to 'T', possible loss of data
          with
          [
              T=unsigned int
          ]
          and
          [
              T=float
          ]
C:\Users\John Divinagracia\source\repos\Final Game\Final Game\Player.cpp(22,47): warning C4244: 'argument': conversion from 'T' to 'float', possible loss of data
          with
          [
              T=unsigned int
          ]
C:\Users\John Divinagracia\source\repos\Final Game\Final Game\Player.cpp(28,77): warning C4244: 'argument': conversion from 'T' to 'T', possible loss of data
          with
          [
              T=unsigned int
          ]
          and
          [
              T=float
          ]
C:\Users\John Divinagracia\source\repos\Final Game\Final Game\Player.cpp(28,53): warning C4244: 'argument': conversion from 'T' to 'T', possible loss of data
          with
          [
              T=unsigned int
          ]
          and
          [
              T=float
          ]
C:\Users\John Divinagracia\source\repos\Final Game\Final Game\Player.cpp(48,28): warning C4244: 'argument': conversion from 'double' to 'float', possible loss of data
C:\Users\John Divinagracia\source\repos\Final Game\Final Game\Player.cpp(49,56): warning C4244: 'argument': conversion from 'double' to 'T', possible loss of data
          with
          [
              T=float
          ]
C:\Users\John Divinagracia\source\repos\Final Game\Final Game\Player.cpp(49,42): warning C4244: 'argument': conversion from 'double' to 'T', possible loss of data
          with
          [
              T=float
          ]
C:\Users\John Divinagracia\source\repos\Final Game\Final Game\Player.cpp(72,114): warning C4244: '=': conversion from 'double' to 'float', possible loss of data
  Generating Code...
Bullet.obj : error LNK2019: unresolved external symbol "public: void __cdecl sf::Transformable::setPosition(float,float)" (?setPosition@Transformable@sf@@QEAAXMM@Z) referenced in function "public: __cdecl Bullet::Bullet(class sf::Vector2<float>,class sf::Vector2<float>,class sf::RenderWindow *,float,class std::shared_ptr<class Player>)" (??0Bullet@@QEAA@V?$Vector2@M@sf@@0PEAVRenderWindow@2@MV?$shared_ptr@VPlayer@@@std@@@Z)
Enemy.obj : error LNK2001: unresolved external symbol "public: void __cdecl sf::Transformable::setPosition(float,float)" (?setPosition@Transformable@sf@@QEAAXMM@Z)
main.obj : error LNK2001: unresolved external symbol "public: void __cdecl sf::Transformable::setPosition(float,float)" (?setPosition@Transformable@sf@@QEAAXMM@Z)
Player.obj : error LNK2001: unresolved external symbol "public: void __cdecl sf::Transformable::setPosition(float,float)" (?setPosition@Transformable@sf@@QEAAXMM@Z)
Bullet.obj : error LNK2019: unresolved external symbol "public: void __cdecl sf::Transformable::setRotation(float)" (?setRotation@Transformable@sf@@QEAAXM@Z) referenced in function "public: __cdecl Bullet::Bullet(class sf::Vector2<float>,class sf::Vector2<float>,class sf::RenderWindow *,float,class std::shared_ptr<class Player>)" (??0Bullet@@QEAA@V?$Vector2@M@sf@@0PEAVRenderWindow@2@MV?$shared_ptr@VPlayer@@@std@@@Z)
Enemy.obj : error LNK2001: unresolved external symbol "public: void __cdecl sf::Transformable::setRotation(float)" (?setRotation@Transformable@sf@@QEAAXM@Z)
Player.obj : error LNK2001: unresolved external symbol "public: void __cdecl sf::Transformable::setRotation(float)" (?setRotation@Transformable@sf@@QEAAXM@Z)
Bullet.obj : error LNK2019: unresolved external symbol "public: void __cdecl sf::Transformable::setOrigin(class sf::Vector2<float> const &)" (?setOrigin@Transformable@sf@@QEAAXAEBV?$Vector2@M@2@@Z) referenced in function "public: __cdecl Bullet::Bullet(class sf::Vector2<float>,class sf::Vector2<float>,class sf::RenderWindow *,float,class std::shared_ptr<class Player>)" (??0Bullet@@QEAA@V?$Vector2@M@sf@@0PEAVRenderWindow@2@MV?$shared_ptr@VPlayer@@@std@@@Z)
main.obj : error LNK2001: unresolved external symbol "public: void __cdecl sf::Transformable::setOrigin(class sf::Vector2<float> const &)" (?setOrigin@Transformable@sf@@QEAAXAEBV?$Vector2@M@2@@Z)
Player.obj : error LNK2001: unresolved external symbol "public: void __cdecl sf::Transformable::setOrigin(class sf::Vector2<float> const &)" (?setOrigin@Transformable@sf@@QEAAXAEBV?$Vector2@M@2@@Z)
Bullet.obj : error LNK2019: unresolved external symbol "public: class sf::Vector2<float> const & __cdecl sf::Transformable::getPosition(void)const " (?getPosition@Transformable@sf@@QEBAAEBV?$Vector2@M@2@XZ) referenced in function "public: bool __cdecl Bullet::outOfWindowBounds(void)" (?outOfWindowBounds@Bullet@@QEAA_NXZ)
Enemy.obj : error LNK2001: unresolved external symbol "public: class sf::Vector2<float> const & __cdecl sf::Transformable::getPosition(void)const " (?getPosition@Transformable@sf@@QEBAAEBV?$Vector2@M@2@XZ)
main.obj : error LNK2001: unresolved external symbol "public: class sf::Vector2<float> const & __cdecl sf::Transformable::getPosition(void)const " (?getPosition@Transformable@sf@@QEBAAEBV?$Vector2@M@2@XZ)
Player.obj : error LNK2001: unresolved external symbol "public: class sf::Vector2<float> const & __cdecl sf::Transformable::getPosition(void)const " (?getPosition@Transformable@sf@@QEBAAEBV?$Vector2@M@2@XZ)
Bullet.obj : error LNK2019: unresolved external symbol "public: float __cdecl sf::Transformable::getRotation(void)const " (?getRotation@Transformable@sf@@QEBAMXZ) referenced in function "public: __cdecl Bullet::Bullet(class sf::Vector2<float>,class sf::Vector2<float>,class sf::RenderWindow *,class std::shared_ptr<class Player>)" (??0Bullet@@QEAA@V?$Vector2@M@sf@@0PEAVRenderWindow@2@V?$shared_ptr@VPlayer@@@std@@@Z)
Player.obj : error LNK2001: unresolved external symbol "public: float __cdecl sf::Transformable::getRotation(void)const " (?getRotation@Transformable@sf@@QEBAMXZ)
Bullet.obj : error LNK2019: unresolved external symbol "public: void __cdecl sf::Transformable::move(float,float)" (?move@Transformable@sf@@QEAAXMM@Z) referenced in function "public: void __cdecl Bullet::updateBullet(float)" (?updateBullet@Bullet@@QEAAXM@Z)
Enemy.obj : error LNK2001: unresolved external symbol "public: void __cdecl sf::Transformable::move(float,float)" (?move@Transformable@sf@@QEAAXMM@Z)
Bullet.obj : error LNK2019: unresolved external symbol "public: virtual __cdecl sf::Shape::~Shape(void)" (??1Shape@sf@@UEAA@XZ) referenced in function "public: virtual __cdecl sf::RectangleShape::~RectangleShape(void)" (??1RectangleShape@sf@@UEAA@XZ)
Enemy.obj : error LNK2001: unresolved external symbol "public: virtual __cdecl sf::Shape::~Shape(void)" (??1Shape@sf@@UEAA@XZ)
main.obj : error LNK2001: unresolved external symbol "public: virtual __cdecl sf::Shape::~Shape(void)" (??1Shape@sf@@UEAA@XZ)
Player.obj : error LNK2001: unresolved external symbol "public: virtual __cdecl sf::Shape::~Shape(void)" (??1Shape@sf@@UEAA@XZ)
Bullet.obj : error LNK2019: unresolved external symbol "public: void __cdecl sf::Shape::setFillColor(class sf::Color const &)" (?setFillColor@Shape@sf@@QEAAXAEBVColor@2@@Z) referenced in function "public: __cdecl Bullet::Bullet(class sf::Vector2<float>,class sf::Vector2<float>,class sf::RenderWindow *,float,class std::shared_ptr<class Player>)" (??0Bullet@@QEAA@V?$Vector2@M@sf@@0PEAVRenderWindow@2@MV?$shared_ptr@VPlayer@@@std@@@Z)
Enemy.obj : error LNK2001: unresolved external symbol "public: void __cdecl sf::Shape::setFillColor(class sf::Color const &)" (?setFillColor@Shape@sf@@QEAAXAEBVColor@2@@Z)
main.obj : error LNK2001: unresolved external symbol "public: void __cdecl sf::Shape::setFillColor(class sf::Color const &)" (?setFillColor@Shape@sf@@QEAAXAEBVColor@2@@Z)
Player.obj : error LNK2001: unresolved external symbol "public: void __cdecl sf::Shape::setFillColor(class sf::Color const &)" (?setFillColor@Shape@sf@@QEAAXAEBVColor@2@@Z)
Bullet.obj : error LNK2019: unresolved external symbol "public: class sf::Rect<float> __cdecl sf::Shape::getGlobalBounds(void)const " (?getGlobalBounds@Shape@sf@@QEBA?AV?$Rect@M@2@XZ) referenced in function "public: class sf::Rect<float> __cdecl Bullet::getBounds(void)" (?getBounds@Bullet@@QEAA?AV?$Rect@M@sf@@XZ)
Enemy.obj : error LNK2001: unresolved external symbol "public: class sf::Rect<float> __cdecl sf::Shape::getGlobalBounds(void)const " (?getGlobalBounds@Shape@sf@@QEBA?AV?$Rect@M@2@XZ)
Player.obj : error LNK2001: unresolved external symbol "public: class sf::Rect<float> __cdecl sf::Shape::getGlobalBounds(void)const " (?getGlobalBounds@Shape@sf@@QEBA?AV?$Rect@M@2@XZ)
Bullet.obj : error LNK2019: unresolved external symbol "public: __cdecl sf::RectangleShape::RectangleShape(class sf::Vector2<float> const &)" (??0RectangleShape@sf@@QEAA@AEBV?$Vector2@M@1@@Z) referenced in function "public: __cdecl Bullet::Bullet(class sf::Vector2<float>,class sf::Vector2<float>,class sf::RenderWindow *,float,class std::shared_ptr<class Player>)" (??0Bullet@@QEAA@V?$Vector2@M@sf@@0PEAVRenderWindow@2@MV?$shared_ptr@VPlayer@@@std@@@Z)
Enemy.obj : error LNK2001: unresolved external symbol "public: __cdecl sf::RectangleShape::RectangleShape(class sf::Vector2<float> const &)" (??0RectangleShape@sf@@QEAA@AEBV?$Vector2@M@1@@Z)
main.obj : error LNK2001: unresolved external symbol "public: __cdecl sf::RectangleShape::RectangleShape(class sf::Vector2<float> const &)" (??0RectangleShape@sf@@QEAA@AEBV?$Vector2@M@1@@Z)
Player.obj : error LNK2001: unresolved external symbol "public: __cdecl sf::RectangleShape::RectangleShape(class sf::Vector2<float> const &)" (??0RectangleShape@sf@@QEAA@AEBV?$Vector2@M@1@@Z)
Bullet.obj : error LNK2019: unresolved external symbol "public: void __cdecl sf::RectangleShape::setSize(class sf::Vector2<float> const &)" (?setSize@RectangleShape@sf@@QEAAXAEBV?$Vector2@M@2@@Z) referenced in function "public: __cdecl Bullet::Bullet(class sf::Vector2<float>,class sf::Vector2<float>,class sf::RenderWindow *,float,class std::shared_ptr<class Player>)" (??0Bullet@@QEAA@V?$Vector2@M@sf@@0PEAVRenderWindow@2@MV?$shared_ptr@VPlayer@@@std@@@Z)
Enemy.obj : error LNK2001: unresolved external symbol "public: void __cdecl sf::RectangleShape::setSize(class sf::Vector2<float> const &)" (?setSize@RectangleShape@sf@@QEAAXAEBV?$Vector2@M@2@@Z)
main.obj : error LNK2001: unresolved external symbol "public: void __cdecl sf::RectangleShape::setSize(class sf::Vector2<float> const &)" (?setSize@RectangleShape@sf@@QEAAXAEBV?$Vector2@M@2@@Z)
Player.obj : error LNK2001: unresolved external symbol "public: void __cdecl sf::RectangleShape::setSize(class sf::Vector2<float> const &)" (?setSize@RectangleShape@sf@@QEAAXAEBV?$Vector2@M@2@@Z)
Bullet.obj : error LNK2019: unresolved external symbol "public: class sf::Vector2<float> const & __cdecl sf::RectangleShape::getSize(void)const " (?getSize@RectangleShape@sf@@QEBAAEBV?$Vector2@M@2@XZ) referenced in function "public: bool __cdecl Bullet::outOfWindowBounds(void)" (?outOfWindowBounds@Bullet@@QEAA_NXZ)
Enemy.obj : error LNK2001: unresolved external symbol "public: class sf::Vector2<float> const & __cdecl sf::RectangleShape::getSize(void)const " (?getSize@RectangleShape@sf@@QEBAAEBV?$Vector2@M@2@XZ)
main.obj : error LNK2001: unresolved external symbol "public: class sf::Vector2<float> const & __cdecl sf::RectangleShape::getSize(void)const " (?getSize@RectangleShape@sf@@QEBAAEBV?$Vector2@M@2@XZ)
Player.obj : error LNK2001: unresolved external symbol "public: class sf::Vector2<float> const & __cdecl sf::RectangleShape::getSize(void)const " (?getSize@RectangleShape@sf@@QEBAAEBV?$Vector2@M@2@XZ)
Bullet.obj : error LNK2019: unresolved external symbol "public: void __cdecl sf::RenderTarget::draw(class sf::Drawable const &,class sf::RenderStates const &)" (?draw@RenderTarget@sf@@QEAAXAEBVDrawable@2@AEBVRenderStates@2@@Z) referenced in function "public: void __cdecl Bullet::updateBullet(float)" (?updateBullet@Bullet@@QEAAXM@Z)
Enemy.obj : error LNK2001: unresolved external symbol "public: void __cdecl sf::RenderTarget::draw(class sf::Drawable const &,class sf::RenderStates const &)" (?draw@RenderTarget@sf@@QEAAXAEBVDrawable@2@AEBVRenderStates@2@@Z)
main.obj : error LNK2001: unresolved external symbol "public: void __cdecl sf::RenderTarget::draw(class sf::Drawable const &,class sf::RenderStates const &)" (?draw@RenderTarget@sf@@QEAAXAEBVDrawable@2@AEBVRenderStates@2@@Z)
Player.obj : error LNK2001: unresolved external symbol "public: void __cdecl sf::RenderTarget::draw(class sf::Drawable const &,class sf::RenderStates const &)" (?draw@RenderTarget@sf@@QEAAXAEBVDrawable@2@AEBVRenderStates@2@@Z)
Bullet.obj : error LNK2001: unresolved external symbol "public: static class sf::RenderStates const sf::RenderStates::Default" (?Default@RenderStates@sf@@2V12@B)
Enemy.obj : error LNK2001: unresolved external symbol "public: static class sf::RenderStates const sf::RenderStates::Default" (?Default@RenderStates@sf@@2V12@B)
main.obj : error LNK2001: unresolved external symbol "public: static class sf::RenderStates const sf::RenderStates::Default" (?Default@RenderStates@sf@@2V12@B)
Player.obj : error LNK2001: unresolved external symbol "public: static class sf::RenderStates const sf::RenderStates::Default" (?Default@RenderStates@sf@@2V12@B)
Bullet.obj : error LNK2001: unresolved external symbol "public: static class sf::Color const sf::Color::Magenta" (?Magenta@Color@sf@@2V12@B)
Bullet.obj : error LNK2001: unresolved external symbol "public: static class sf::Color const sf::Color::Cyan" (?Cyan@Color@sf@@2V12@B)
Player.obj : error LNK2001: unresolved external symbol "public: static class sf::Color const sf::Color::Cyan" (?Cyan@Color@sf@@2V12@B)
Enemy.obj : error LNK2019: unresolved external symbol "public: float __cdecl sf::Time::asSeconds(void)const " (?asSeconds@Time@sf@@QEBAMXZ) referenced in function "public: void __cdecl Enemy::updateEnemy(class std::vector<class Bullet,class std::allocator<class Bullet> > &,float)" (?updateEnemy@Enemy@@QEAAXAEAV?$vector@VBullet@@V?$allocator@VBullet@@@std@@@std@@M@Z)
main.obj : error LNK2001: unresolved external symbol "public: float __cdecl sf::Time::asSeconds(void)const " (?asSeconds@Time@sf@@QEBAMXZ)
Enemy.obj : error LNK2019: unresolved external symbol "public: __cdecl sf::Clock::Clock(void)" (??0Clock@sf@@QEAA@XZ) referenced in function "void __cdecl std::_Construct_in_place<class sf::Clock>(class sf::Clock &)" (??$_Construct_in_place@VClock@sf@@$$V@std@@YAXAEAVClock@sf@@@Z)
main.obj : error LNK2001: unresolved external symbol "public: __cdecl sf::Clock::Clock(void)" (??0Clock@sf@@QEAA@XZ)
Enemy.obj : error LNK2019: unresolved external symbol "public: class sf::Time __cdecl sf::Clock::restart(void)" (?restart@Clock@sf@@QEAA?AVTime@2@XZ) referenced in function "public: void __cdecl Enemy::updateEnemy(class std::vector<class Bullet,class std::allocator<class Bullet> > &,float)" (?updateEnemy@Enemy@@QEAAXAEAV?$vector@VBullet@@V?$allocator@VBullet@@@std@@@std@@M@Z)
main.obj : error LNK2001: unresolved external symbol "public: class sf::Time __cdecl sf::Clock::restart(void)" (?restart@Clock@sf@@QEAA?AVTime@2@XZ)
Enemy.obj : error LNK2019: unresolved external symbol "public: virtual __cdecl sf::Transformable::~Transformable(void)" (??1Transformable@sf@@UEAA@XZ) referenced in function "int `public: __cdecl sf::Shape::Shape(class Shape::dtor$1 const &)'::`1'::dtor$1" (?dtor$1@?0???0Shape@sf@@QEAA@AEBV01@@Z@4HA)
main.obj : error LNK2001: unresolved external symbol "public: virtual __cdecl sf::Transformable::~Transformable(void)" (??1Transformable@sf@@UEAA@XZ)
Player.obj : error LNK2001: unresolved external symbol "public: virtual __cdecl sf::Transformable::~Transformable(void)" (??1Transformable@sf@@UEAA@XZ)
Enemy.obj : error LNK2019: unresolved external symbol "public: void __cdecl sf::Transformable::setOrigin(float,float)" (?setOrigin@Transformable@sf@@QEAAXMM@Z) referenced in function "public: __cdecl Enemy::Enemy(class sf::RenderWindow *,class std::shared_ptr<class Player>,int &,float,int,int)" (??0Enemy@@QEAA@PEAVRenderWindow@sf@@V?$shared_ptr@VPlayer@@@std@@AEAHMHH@Z)
main.obj : error LNK2001: unresolved external symbol "public: void __cdecl sf::Transformable::setOrigin(float,float)" (?setOrigin@Transformable@sf@@QEAAXMM@Z)
Player.obj : error LNK2001: unresolved external symbol "public: void __cdecl sf::Transformable::setOrigin(float,float)" (?setOrigin@Transformable@sf@@QEAAXMM@Z)
Enemy.obj : error LNK2019: unresolved external symbol "public: __cdecl sf::Color::Color(unsigned char,unsigned char,unsigned char,unsigned char)" (??0Color@sf@@QEAA@EEEE@Z) referenced in function "public: void __cdecl Enemy::updateEnemy(class std::vector<class Bullet,class std::allocator<class Bullet> > &,float)" (?updateEnemy@Enemy@@QEAAXAEAV?$vector@VBullet@@V?$allocator@VBullet@@@std@@@std@@M@Z)
main.obj : error LNK2001: unresolved external symbol "public: __cdecl sf::Color::Color(unsigned char,unsigned char,unsigned char,unsigned char)" (??0Color@sf@@QEAA@EEEE@Z)
Player.obj : error LNK2001: unresolved external symbol "public: __cdecl sf::Color::Color(unsigned char,unsigned char,unsigned char,unsigned char)" (??0Color@sf@@QEAA@EEEE@Z)
Enemy.obj : error LNK2001: unresolved external symbol "private: virtual void __cdecl sf::VertexArray::draw(class sf::RenderTarget &,class sf::RenderStates)const " (?draw@VertexArray@sf@@EEBAXAEAVRenderTarget@2@VRenderStates@2@@Z)
main.obj : error LNK2001: unresolved external symbol "private: virtual void __cdecl sf::VertexArray::draw(class sf::RenderTarget &,class sf::RenderStates)const " (?draw@VertexArray@sf@@EEBAXAEAVRenderTarget@2@VRenderStates@2@@Z)
Enemy.obj : error LNK2019: unresolved external symbol "public: void __cdecl sf::Shape::setOutlineColor(class sf::Color const &)" (?setOutlineColor@Shape@sf@@QEAAXAEBVColor@2@@Z) referenced in function "public: __cdecl Enemy::Enemy(class sf::RenderWindow *,class std::shared_ptr<class Player>,int &,float,int,int)" (??0Enemy@@QEAA@PEAVRenderWindow@sf@@V?$shared_ptr@VPlayer@@@std@@AEAHMHH@Z)
Player.obj : error LNK2001: unresolved external symbol "public: void __cdecl sf::Shape::setOutlineColor(class sf::Color const &)" (?setOutlineColor@Shape@sf@@QEAAXAEBVColor@2@@Z)
Enemy.obj : error LNK2019: unresolved external symbol "public: void __cdecl sf::Shape::setOutlineThickness(float)" (?setOutlineThickness@Shape@sf@@QEAAXM@Z) referenced in function "public: __cdecl Enemy::Enemy(class sf::RenderWindow *,class std::shared_ptr<class Player>,int &,float,int,int)" (??0Enemy@@QEAA@PEAVRenderWindow@sf@@V?$shared_ptr@VPlayer@@@std@@AEAHMHH@Z)
Player.obj : error LNK2001: unresolved external symbol "public: void __cdecl sf::Shape::setOutlineThickness(float)" (?setOutlineThickness@Shape@sf@@QEAAXM@Z)
Enemy.obj : error LNK2019: unresolved external symbol "public: class sf::Rect<float> __cdecl sf::Shape::getLocalBounds(void)const " (?getLocalBounds@Shape@sf@@QEBA?AV?$Rect@M@2@XZ) referenced in function "public: __cdecl Enemy::Enemy(class sf::RenderWindow *,class std::shared_ptr<class Player>,int &,float,int,int)" (??0Enemy@@QEAA@PEAVRenderWindow@sf@@V?$shared_ptr@VPlayer@@@std@@AEAHMHH@Z)
Enemy.obj : error LNK2001: unresolved external symbol "private: virtual void __cdecl sf::Shape::draw(class sf::RenderTarget &,class sf::RenderStates)const " (?draw@Shape@sf@@EEBAXAEAVRenderTarget@2@VRenderStates@2@@Z)
main.obj : error LNK2001: unresolved external symbol "private: virtual void __cdecl sf::Shape::draw(class sf::RenderTarget &,class sf::RenderStates)const " (?draw@Shape@sf@@EEBAXAEAVRenderTarget@2@VRenderStates@2@@Z)
Enemy.obj : error LNK2019: unresolved external symbol "public: __cdecl sf::CircleShape::CircleShape(float,unsigned __int64)" (??0CircleShape@sf@@QEAA@M_K@Z) referenced in function "public: __cdecl Enemy::Enemy(class sf::RenderWindow *,class std::shared_ptr<class Player>,int &,float,int,int)" (??0Enemy@@QEAA@PEAVRenderWindow@sf@@V?$shared_ptr@VPlayer@@@std@@AEAHMHH@Z)
Player.obj : error LNK2001: unresolved external symbol "public: __cdecl sf::CircleShape::CircleShape(float,unsigned __int64)" (??0CircleShape@sf@@QEAA@M_K@Z)
Enemy.obj : error LNK2001: unresolved external symbol "public: virtual unsigned __int64 __cdecl sf::RectangleShape::getPointCount(void)const " (?getPointCount@RectangleShape@sf@@UEBA_KXZ)
main.obj : error LNK2001: unresolved external symbol "public: virtual unsigned __int64 __cdecl sf::RectangleShape::getPointCount(void)const " (?getPointCount@RectangleShape@sf@@UEBA_KXZ)
Enemy.obj : error LNK2001: unresolved external symbol "public: virtual class sf::Vector2<float> __cdecl sf::RectangleShape::getPoint(unsigned __int64)const " (?getPoint@RectangleShape@sf@@UEBA?AV?$Vector2@M@2@_K@Z)
main.obj : error LNK2001: unresolved external symbol "public: virtual class sf::Vector2<float> __cdecl sf::RectangleShape::getPoint(unsigned __int64)const " (?getPoint@RectangleShape@sf@@UEBA?AV?$Vector2@M@2@_K@Z)
Enemy.obj : error LNK2001: unresolved external symbol "public: static class sf::Color const sf::Color::Red" (?Red@Color@sf@@2V12@B)
Enemy.obj : error LNK2001: unresolved external symbol "public: static class sf::Color const sf::Color::Green" (?Green@Color@sf@@2V12@B)
Enemy.obj : error LNK2001: unresolved external symbol "public: static class sf::Color const sf::Color::Transparent" (?Transparent@Color@sf@@2V12@B)
main.obj : error LNK2019: unresolved external symbol "class sf::Time __cdecl sf::milliseconds(int)" (?milliseconds@sf@@YA?AVTime@1@H@Z) referenced in function main
main.obj : error LNK2019: unresolved external symbol "public: class sf::Time __cdecl sf::Clock::getElapsedTime(void)const " (?getElapsedTime@Clock@sf@@QEBA?AVTime@2@XZ) referenced in function main
main.obj : error LNK2019: unresolved external symbol "void __cdecl sf::sleep(class sf::Time)" (?sleep@sf@@YAXVTime@1@@Z) referenced in function main
main.obj : error LNK2019: unresolved external symbol "public: __cdecl sf::String::String(char const *,class std::locale const &)" (??0String@sf@@QEAA@PEBDAEBVlocale@std@@@Z) referenced in function main
main.obj : error LNK2019: unresolved external symbol "public: static bool __cdecl sf::Keyboard::isKeyPressed(enum sf::Keyboard::Key)" (?isKeyPressed@Keyboard@sf@@SA_NW4Key@12@@Z) referenced in function "void __cdecl checkGameOver(class std::shared_ptr<class Player>,class sf::RenderWindow *,class sf::RectangleShape *,class sf::Text *,class sf::Text *,int &)" (?checkGameOver@@YAXV?$shared_ptr@VPlayer@@@std@@PEAVRenderWindow@sf@@PEAVRectangleShape@4@PEAVText@4@3AEAH@Z)
Player.obj : error LNK2001: unresolved external symbol "public: static bool __cdecl sf::Keyboard::isKeyPressed(enum sf::Keyboard::Key)" (?isKeyPressed@Keyboard@sf@@SA_NW4Key@12@@Z)
main.obj : error LNK2019: unresolved external symbol "public: static bool __cdecl sf::Mouse::isButtonPressed(enum sf::Mouse::Button)" (?isButtonPressed@Mouse@sf@@SA_NW4Button@12@@Z) referenced in function main
main.obj : error LNK2019: unresolved external symbol "public: static class sf::Vector2<int> __cdecl sf::Mouse::getPosition(class sf::Window const &)" (?getPosition@Mouse@sf@@SA?AV?$Vector2@H@2@AEBVWindow@2@@Z) referenced in function "void __cdecl updateCursor(class sf::RenderWindow &,class sf::Sprite)" (?updateCursor@@YAXAEAVRenderWindow@sf@@VSprite@2@@Z)
Player.obj : error LNK2001: unresolved external symbol "public: static class sf::Vector2<int> __cdecl sf::Mouse::getPosition(class sf::Window const &)" (?getPosition@Mouse@sf@@SA?AV?$Vector2@H@2@AEBVWindow@2@@Z)
main.obj : error LNK2019: unresolved external symbol "public: __cdecl sf::VideoMode::VideoMode(unsigned int,unsigned int,unsigned int)" (??0VideoMode@sf@@QEAA@III@Z) referenced in function main
main.obj : error LNK2019: unresolved external symbol "public: void __cdecl sf::Window::close(void)" (?close@Window@sf@@QEAAXXZ) referenced in function "void __cdecl checkGameOver(class std::shared_ptr<class Player>,class sf::RenderWindow *,class sf::RectangleShape *,class sf::Text *,class sf::Text *,int &)" (?checkGameOver@@YAXV?$shared_ptr@VPlayer@@@std@@PEAVRenderWindow@sf@@PEAVRectangleShape@4@PEAVText@4@3AEAH@Z)
main.obj : error LNK2019: unresolved external symbol "public: bool __cdecl sf::Window::isOpen(void)const " (?isOpen@Window@sf@@QEBA_NXZ) referenced in function "void __cdecl checkGameOver(class std::shared_ptr<class Player>,class sf::RenderWindow *,class sf::RectangleShape *,class sf::Text *,class sf::Text *,int &)" (?checkGameOver@@YAXV?$shared_ptr@VPlayer@@@std@@PEAVRenderWindow@sf@@PEAVRectangleShape@4@PEAVText@4@3AEAH@Z)
main.obj : error LNK2019: unresolved external symbol "public: bool __cdecl sf::Window::pollEvent(class sf::Event &)" (?pollEvent@Window@sf@@QEAA_NAEAVEvent@2@@Z) referenced in function "void __cdecl checkGameOver(class std::shared_ptr<class Player>,class sf::RenderWindow *,class sf::RectangleShape *,class sf::Text *,class sf::Text *,int &)" (?checkGameOver@@YAXV?$shared_ptr@VPlayer@@@std@@PEAVRenderWindow@sf@@PEAVRectangleShape@4@PEAVText@4@3AEAH@Z)
main.obj : error LNK2019: unresolved external symbol "public: void __cdecl sf::Window::setMouseCursorVisible(bool)" (?setMouseCursorVisible@Window@sf@@QEAAX_N@Z) referenced in function "void __cdecl checkGameOver(class std::shared_ptr<class Player>,class sf::RenderWindow *,class sf::RectangleShape *,class sf::Text *,class sf::Text *,int &)" (?checkGameOver@@YAXV?$shared_ptr@VPlayer@@@std@@PEAVRenderWindow@sf@@PEAVRectangleShape@4@PEAVText@4@3AEAH@Z)
main.obj : error LNK2019: unresolved external symbol "public: void __cdecl sf::Window::display(void)" (?display@Window@sf@@QEAAXXZ) referenced in function "void __cdecl checkGameOver(class std::shared_ptr<class Player>,class sf::RenderWindow *,class sf::RectangleShape *,class sf::Text *,class sf::Text *,int &)" (?checkGameOver@@YAXV?$shared_ptr@VPlayer@@@std@@PEAVRenderWindow@sf@@PEAVRectangleShape@4@PEAVText@4@3AEAH@Z)
main.obj : error LNK2019: unresolved external symbol "public: void __cdecl sf::Transformable::setPosition(class sf::Vector2<float> const &)" (?setPosition@Transformable@sf@@QEAAXAEBV?$Vector2@M@2@@Z) referenced in function "void __cdecl updateCursor(class sf::RenderWindow &,class sf::Sprite)" (?updateCursor@@YAXAEAVRenderWindow@sf@@VSprite@2@@Z)
Player.obj : error LNK2001: unresolved external symbol "public: void __cdecl sf::Transformable::setPosition(class sf::Vector2<float> const &)" (?setPosition@Transformable@sf@@QEAAXAEBV?$Vector2@M@2@@Z)
main.obj : error LNK2019: unresolved external symbol "public: void __cdecl sf::Transformable::setScale(class sf::Vector2<float> const &)" (?setScale@Transformable@sf@@QEAAXAEBV?$Vector2@M@2@@Z) referenced in function main
main.obj : error LNK2019: unresolved external symbol "public: __cdecl sf::Texture::Texture(void)" (??0Texture@sf@@QEAA@XZ) referenced in function main
main.obj : error LNK2019: unresolved external symbol "public: __cdecl sf::Texture::~Texture(void)" (??1Texture@sf@@QEAA@XZ) referenced in function main
main.obj : error LNK2019: unresolved external symbol "public: bool __cdecl sf::Texture::loadFromFile(class std::basic_string<char,struct std::char_traits<char>,class std::allocator<char> > const &,class sf::Rect<int> const &)" (?loadFromFile@Texture@sf@@QEAA_NAEBV?$basic_string@DU?$char_traits@D@std@@V?$allocator@D@2@@std@@AEBV?$Rect@H@2@@Z) referenced in function main
main.obj : error LNK2019: unresolved external symbol "public: class sf::Vector2<unsigned int> __cdecl sf::Texture::getSize(void)const " (?getSize@Texture@sf@@QEBA?AV?$Vector2@I@2@XZ) referenced in function main
main.obj : error LNK2019: unresolved external symbol "public: __cdecl sf::Font::Font(void)" (??0Font@sf@@QEAA@XZ) referenced in function main
Player.obj : error LNK2001: unresolved external symbol "public: __cdecl sf::Font::Font(void)" (??0Font@sf@@QEAA@XZ)
main.obj : error LNK2019: unresolved external symbol "public: __cdecl sf::Font::~Font(void)" (??1Font@sf@@QEAA@XZ) referenced in function main
Player.obj : error LNK2001: unresolved external symbol "public: __cdecl sf::Font::~Font(void)" (??1Font@sf@@QEAA@XZ)
main.obj : error LNK2019: unresolved external symbol "public: bool __cdecl sf::Font::loadFromFile(class std::basic_string<char,struct std::char_traits<char>,class std::allocator<char> > const &)" (?loadFromFile@Font@sf@@QEAA_NAEBV?$basic_string@DU?$char_traits@D@std@@V?$allocator@D@2@@std@@@Z) referenced in function main
Player.obj : error LNK2001: unresolved external symbol "public: bool __cdecl sf::Font::loadFromFile(class std::basic_string<char,struct std::char_traits<char>,class std::allocator<char> > const &)" (?loadFromFile@Font@sf@@QEAA_NAEBV?$basic_string@DU?$char_traits@D@std@@V?$allocator@D@2@@std@@@Z)
main.obj : error LNK2019: unresolved external symbol "public: void __cdecl sf::RenderTarget::clear(class sf::Color const &)" (?clear@RenderTarget@sf@@QEAAXAEBVColor@2@@Z) referenced in function main
main.obj : error LNK2019: unresolved external symbol "public: class sf::Vector2<float> __cdecl sf::RenderTarget::mapPixelToCoords(class sf::Vector2<int> const &)const " (?mapPixelToCoords@RenderTarget@sf@@QEBA?AV?$Vector2@M@2@AEBV?$Vector2@H@2@@Z) referenced in function main
Player.obj : error LNK2001: unresolved external symbol "public: class sf::Vector2<float> __cdecl sf::RenderTarget::mapPixelToCoords(class sf::Vector2<int> const &)const " (?mapPixelToCoords@RenderTarget@sf@@QEBA?AV?$Vector2@M@2@AEBV?$Vector2@H@2@@Z)
main.obj : error LNK2019: unresolved external symbol "public: __cdecl sf::RenderWindow::RenderWindow(class sf::VideoMode,class sf::String const &,unsigned int,struct sf::ContextSettings const &)" (??0RenderWindow@sf@@QEAA@VVideoMode@1@AEBVString@1@IAEBUContextSettings@1@@Z) referenced in function main
main.obj : error LNK2019: unresolved external symbol "public: virtual __cdecl sf::RenderWindow::~RenderWindow(void)" (??1RenderWindow@sf@@UEAA@XZ) referenced in function main
main.obj : error LNK2019: unresolved external symbol "public: virtual class sf::Vector2<unsigned int> __cdecl sf::RenderWindow::getSize(void)const " (?getSize@RenderWindow@sf@@UEBA?AV?$Vector2@I@2@XZ) referenced in function main
main.obj : error LNK2019: unresolved external symbol "public: __cdecl sf::Sprite::Sprite(class sf::Texture const &)" (??0Sprite@sf@@QEAA@AEBVTexture@1@@Z) referenced in function main
main.obj : error LNK2001: unresolved external symbol "private: virtual void __cdecl sf::Sprite::draw(class sf::RenderTarget &,class sf::RenderStates)const " (?draw@Sprite@sf@@EEBAXAEAVRenderTarget@2@VRenderStates@2@@Z)
main.obj : error LNK2019: unresolved external symbol "public: __cdecl sf::Text::Text(void)" (??0Text@sf@@QEAA@XZ) referenced in function main
Player.obj : error LNK2001: unresolved external symbol "public: __cdecl sf::Text::Text(void)" (??0Text@sf@@QEAA@XZ)
main.obj : error LNK2019: unresolved external symbol "public: void __cdecl sf::Text::setString(class sf::String const &)" (?setString@Text@sf@@QEAAXAEBVString@2@@Z) referenced in function main
Player.obj : error LNK2001: unresolved external symbol "public: void __cdecl sf::Text::setString(class sf::String const &)" (?setString@Text@sf@@QEAAXAEBVString@2@@Z)
main.obj : error LNK2019: unresolved external symbol "public: void __cdecl sf::Text::setFont(class sf::Font const &)" (?setFont@Text@sf@@QEAAXAEBVFont@2@@Z) referenced in function main
Player.obj : error LNK2001: unresolved external symbol "public: void __cdecl sf::Text::setFont(class sf::Font const &)" (?setFont@Text@sf@@QEAAXAEBVFont@2@@Z)
main.obj : error LNK2019: unresolved external symbol "public: void __cdecl sf::Text::setCharacterSize(unsigned int)" (?setCharacterSize@Text@sf@@QEAAXI@Z) referenced in function main
Player.obj : error LNK2001: unresolved external symbol "public: void __cdecl sf::Text::setCharacterSize(unsigned int)" (?setCharacterSize@Text@sf@@QEAAXI@Z)
main.obj : error LNK2019: unresolved external symbol "public: class sf::Rect<float> __cdecl sf::Text::getLocalBounds(void)const " (?getLocalBounds@Text@sf@@QEBA?AV?$Rect@M@2@XZ) referenced in function main
Player.obj : error LNK2019: unresolved external symbol "public: __cdecl sf::String::String(class std::basic_string<char,struct std::char_traits<char>,class std::allocator<char> > const &,class std::locale const &)" (??0String@sf@@QEAA@AEBV?$basic_string@DU?$char_traits@D@std@@V?$allocator@D@2@@std@@AEBVlocale@3@@Z) referenced in function "public: __cdecl Player::Player(class sf::RenderWindow *)" (??0Player@@QEAA@PEAVRenderWindow@sf@@@Z)
Player.obj : error LNK2019: unresolved external symbol "public: void __cdecl sf::Transformable::move(class sf::Vector2<float> const &)" (?move@Transformable@sf@@QEAAXAEBV?$Vector2@M@2@@Z) referenced in function "public: void __cdecl Player::updatePlayer(float)" (?updatePlayer@Player@@QEAAXM@Z)
Player.obj : error LNK2019: unresolved external symbol "public: void __cdecl sf::CircleShape::setRadius(float)" (?setRadius@CircleShape@sf@@QEAAXM@Z) referenced in function "public: __cdecl Player::Player(class sf::RenderWindow *)" (??0Player@@QEAA@PEAVRenderWindow@sf@@@Z)
Player.obj : error LNK2019: unresolved external symbol "public: float __cdecl sf::CircleShape::getRadius(void)const " (?getRadius@CircleShape@sf@@QEBAMXZ) referenced in function "public: void __cdecl Player::updatePlayer(float)" (?updatePlayer@Player@@QEAAXM@Z)
Player.obj : error LNK2019: unresolved external symbol "public: void __cdecl sf::Text::setFillColor(class sf::Color const &)" (?setFillColor@Text@sf@@QEAAXAEBVColor@2@@Z) referenced in function "public: __cdecl Player::Player(class sf::RenderWindow *)" (??0Player@@QEAA@PEAVRenderWindow@sf@@@Z)
Player.obj : error LNK2001: unresolved external symbol "public: static class sf::Color const sf::Color::White" (?White@Color@sf@@2V12@B)
C:\Users\John Divinagracia\Desktop\SFML\SFML-2.5.1\lib\sfml-graphics-s.lib : warning LNK4272: library machine type 'x86' conflicts with target machine type 'x64'
C:\Users\John Divinagracia\Desktop\SFML\SFML-2.5.1\lib\sfml-window-s.lib : warning LNK4272: library machine type 'x86' conflicts with target machine type 'x64'
C:\Users\John Divinagracia\Desktop\SFML\SFML-2.5.1\lib\sfml-system-s.lib : warning LNK4272: library machine type 'x86' conflicts with target machine type 'x64'
C:\Users\John Divinagracia\Desktop\SFML\SFML-2.5.1\lib\freetype.lib : warning LNK4272: library machine type 'x86' conflicts with target machine type 'x64'
C:\Users\John Divinagracia\source\repos\Final Game\x64\Debug\Final Game.exe : fatal error LNK1120: 73 unresolved externals
